<?xml version="1.0" encoding="UTF-8"?>
<!-- Generated by org.testng.reporters.JUnitReportReporter -->
<testsuite hostname="DESKTOP-64V490S" failures="0" tests="1" name="qa.testScripts.TestMakeMyTrip" time="59.090" errors="0" timestamp="2023-09-21T13:33:52 IST" skipped="0">
  <testcase classname="qa.testScripts.TestMakeMyTrip" name="testAssignment" time="59.090"/>
  <system-out/>
</testsuite> <!-- qa.testScripts.TestMakeMyTrip -->
